Build started 2014/12/4 23:51:08.
     1>Project "H:\DreamCode\CppPrimer\Unit10\E104\E104\E104.vcxproj" on node 2 (Build target(s)).
     1>ClCompile:
         C:\Program Files (x86)\Microsoft Visual Studio 12.0\VC\bin\CL.exe /c /ZI /nologo /W3 /WX- /sdl /Od /Oy- /D _MBCS /Gm /EHsc /RTC1 /MDd /GS /fp:precise /Zc:wchar_t /Zc:forScope /Fo"Debug\\" /Fd"Debug\vc120.pdb" /Gd /TP /analyze- /errorReport:prompt Source.cpp
         Source.cpp
     1>c:\program files (x86)\microsoft visual studio 12.0\vc\include\numeric(20): warning C4244: '=' : conversion from 'double' to 'int', possible loss of data
                 c:\program files (x86)\microsoft visual studio 12.0\vc\include\numeric(31) : see reference to function template instantiation '_Ty std::_Accumulate<double*,_Ty,_Fn2>(_InIt,_InIt,_Ty,_Fn2)' being compiled
                 with
                 [
                     _Ty=int
         ,            _Fn2=std::plus<void>
         ,            _InIt=double *
                 ]
                 c:\program files (x86)\microsoft visual studio 12.0\vc\include\numeric(39) : see reference to function template instantiation '_Ty std::accumulate<_InIt,_Ty,std::plus<void>>(_InIt,_InIt,_Ty,_Fn2)' being compiled
                 with
                 [
                     _Ty=int
         ,            _InIt=std::_Vector_iterator<std::_Vector_val<std::_Simple_types<double>>>
         ,            _Fn2=std::plus<void>
                 ]
                 h:\dreamcode\cppprimer\unit10\e104\e104\source.cpp(8) : see reference to function template instantiation '_Ty std::accumulate<std::_Vector_iterator<std::_Vector_val<std::_Simple_types<double>>>,int>(_InIt,_InIt,_Ty)' being compiled
                 with
                 [
                     _Ty=int
         ,            _InIt=std::_Vector_iterator<std::_Vector_val<std::_Simple_types<double>>>
                 ]
       Link:
         C:\Program Files (x86)\Microsoft Visual Studio 12.0\VC\bin\link.exe /ERRORREPORT:PROMPT /OUT:"H:\DreamCode\CppPrimer\Unit10\E104\Debug\E104.exe" /INCREMENTAL /NOLOGO kernel32.lib user32.lib gdi32.lib winspool.lib comdlg32.lib advapi32.lib shell32.lib ole32.lib oleaut32.lib uuid.lib odbc32.lib odbccp32.lib /MANIFEST /MANIFESTUAC:"level='asInvoker' uiAccess='false'" /manifest:embed /DEBUG /PDB:"H:\DreamCode\CppPrimer\Unit10\E104\Debug\E104.pdb" /SUBSYSTEM:CONSOLE /TLBID:1 /DYNAMICBASE /NXCOMPAT /IMPLIB:"H:\DreamCode\CppPrimer\Unit10\E104\Debug\E104.lib" /MACHINE:X86 Debug\Source.obj
         E104.vcxproj -> H:\DreamCode\CppPrimer\Unit10\E104\Debug\E104.exe
     1>Done Building Project "H:\DreamCode\CppPrimer\Unit10\E104\E104\E104.vcxproj" (Build target(s)).

Build succeeded.

Time Elapsed 00:00:01.17
